<?xml version="1.0" encoding="UTF-8"?>
<testng-results skipped="0" failed="0" ignored="0" total="4" passed="4">
  <reporter-output>
  </reporter-output>
  <suite name="Surefire suite" duration-ms="414" started-at="2017-06-20T13:58:58Z" finished-at="2017-06-20T13:58:58Z">
    <groups>
    </groups>
    <test name="Surefire test" duration-ms="414" started-at="2017-06-20T13:58:58Z" finished-at="2017-06-20T13:58:58Z">
      <class name="org.wso2.extension.siddhi.execution.stats.MedianAttributeAggregatorTestCase">
        <test-method status="PASS" signature="test1()[pri:0, instance:org.wso2.extension.siddhi.execution.stats.MedianAttributeAggregatorTestCase@2f7a2457]" name="test1" duration-ms="368" started-at="2017-06-20T19:28:58Z" finished-at="2017-06-20T19:28:58Z">
          <reporter-output>
          </reporter-output>
        </test-method> <!-- test1 -->
        <test-method status="PASS" signature="test2()[pri:0, instance:org.wso2.extension.siddhi.execution.stats.MedianAttributeAggregatorTestCase@2f7a2457]" name="test2" duration-ms="6" started-at="2017-06-20T19:28:58Z" finished-at="2017-06-20T19:28:58Z">
          <reporter-output>
          </reporter-output>
        </test-method> <!-- test2 -->
        <test-method status="PASS" signature="test3()[pri:0, instance:org.wso2.extension.siddhi.execution.stats.MedianAttributeAggregatorTestCase@2f7a2457]" name="test3" duration-ms="5" started-at="2017-06-20T19:28:58Z" finished-at="2017-06-20T19:28:58Z">
          <reporter-output>
          </reporter-output>
        </test-method> <!-- test3 -->
        <test-method status="PASS" signature="test4()[pri:0, instance:org.wso2.extension.siddhi.execution.stats.MedianAttributeAggregatorTestCase@2f7a2457]" name="test4" duration-ms="4" started-at="2017-06-20T19:28:58Z" finished-at="2017-06-20T19:28:58Z">
          <reporter-output>
          </reporter-output>
        </test-method> <!-- test4 -->
      </class> <!-- org.wso2.extension.siddhi.execution.stats.MedianAttributeAggregatorTestCase -->
    </test> <!-- Surefire test -->
  </suite> <!-- Surefire suite -->
</testng-results>
